<?xml version="1.0" encoding="UTF-8"?>
<!-- Generated by org.testng.reporters.JUnitXMLReporter -->
<testsuite ignored="0" hostname="Vedant" failures="0" tests="3" name="Default test" time="0.958" errors="0" timestamp="2023-09-10T16:56:43 EDT">
  <testcase classname="vedant.Datafromexcel" name="@BeforeSuite driversetup" time="20.821">
    <failure type="org.openqa.selenium.SessionNotCreatedException" message="Could not start a new session. Possible causes are invalid address of the remote server or browser start-up failure. 
Host info: host: &amp;apos;VEDANT&amp;apos;, ip: &amp;apos;10.0.0.140&amp;apos;">
      <![CDATA[org.openqa.selenium.SessionNotCreatedException: Could not start a new session. Possible causes are invalid address of the remote server or browser start-up failure. 
Host info: host: 'VEDANT', ip: '10.0.0.140'
at org.openqa.selenium.remote.RemoteWebDriver.execute(RemoteWebDriver.java:549)
at org.openqa.selenium.remote.RemoteWebDriver.startSession(RemoteWebDriver.java:227)
at org.openqa.selenium.remote.RemoteWebDriver.<init>(RemoteWebDriver.java:154)
at org.openqa.selenium.chromium.ChromiumDriver.<init>(ChromiumDriver.java:107)
at org.openqa.selenium.chrome.ChromeDriver.<init>(ChromeDriver.java:87)
at org.openqa.selenium.chrome.ChromeDriver.<init>(ChromeDriver.java:82)
at org.openqa.selenium.chrome.ChromeDriver.<init>(ChromeDriver.java:50)
at vedant.Datafromexcel.driversetup(Datafromexcel.java:27)
at java.base/jdk.internal.reflect.DirectMethodHandleAccessor.invoke(DirectMethodHandleAccessor.java:104)
at java.base/java.lang.reflect.Method.invoke(Method.java:578)
at org.testng.internal.invokers.MethodInvocationHelper.invokeMethod(MethodInvocationHelper.java:139)
at org.testng.internal.invokers.MethodInvocationHelper.invokeMethodConsideringTimeout(MethodInvocationHelper.java:69)
at org.testng.internal.invokers.ConfigInvoker.invokeConfigurationMethod(ConfigInvoker.java:390)
at org.testng.internal.invokers.ConfigInvoker.invokeConfigurations(ConfigInvoker.java:325)
at org.testng.SuiteRunner.privateRun(SuiteRunner.java:382)
at org.testng.SuiteRunner.run(SuiteRunner.java:336)
at org.testng.SuiteRunnerWorker.runSuite(SuiteRunnerWorker.java:52)
at org.testng.SuiteRunnerWorker.run(SuiteRunnerWorker.java:95)
at org.testng.TestNG.runSuitesSequentially(TestNG.java:1280)
at org.testng.TestNG.runSuitesLocally(TestNG.java:1200)
at org.testng.TestNG.runSuites(TestNG.java:1114)
at org.testng.TestNG.run(TestNG.java:1082)
at org.testng.remote.AbstractRemoteTestNG.run(AbstractRemoteTestNG.java:115)
at org.testng.remote.RemoteTestNG.initAndRun(RemoteTestNG.java:251)
at org.testng.remote.RemoteTestNG.main(RemoteTestNG.java:77)
Caused by: org.openqa.selenium.WebDriverException: Timed out waiting for driver process to start.
Build info: version: '4.10.0', revision: 'c14d967899'
System info: os.name: 'Windows 11', os.arch: 'amd64', os.version: '10.0', java.version: '20.0.2'
Driver info: driver.version: ChromeDriver
at org.openqa.selenium.remote.service.DriverService.start(DriverService.java:215)
at org.openqa.selenium.remote.service.DriverCommandExecutor.execute(DriverCommandExecutor.java:119)
at org.openqa.selenium.remote.RemoteWebDriver.execute(RemoteWebDriver.java:531)
... 24 more
]]>
    </failure>
  </testcase> <!-- @BeforeSuite driversetup -->
  <testcase classname="vedant.Datafromexcel" name="@BeforeMethod openlink" time="0.0">
    <skipped/>
  </testcase> <!-- @BeforeMethod openlink -->
  <testcase classname="vedant.Datafromexcel" name="@AfterMethod closebrowser" time="0.0">
    <skipped/>
  </testcase> <!-- @AfterMethod closebrowser -->
  <testcase classname="vedant.Datafromexcel" name="@BeforeMethod openlink" time="0.0">
    <skipped/>
  </testcase> <!-- @BeforeMethod openlink -->
  <testcase classname="vedant.Datafromexcel" name="@AfterMethod closebrowser" time="0.0">
    <skipped/>
  </testcase> <!-- @AfterMethod closebrowser -->
  <testcase classname="vedant.Datafromexcel" name="@BeforeMethod openlink" time="0.0">
    <skipped/>
  </testcase> <!-- @BeforeMethod openlink -->
  <testcase classname="vedant.Datafromexcel" name="@AfterMethod closebrowser" time="0.0">
    <skipped/>
  </testcase> <!-- @AfterMethod closebrowser -->
  <testcase classname="vedant.Datafromexcel" name="searchkeys" time="0.0">
    <skipped/>
  </testcase> <!-- searchkeys -->
  <testcase classname="vedant.Datafromexcel" name="searchkeys" time="0.0">
    <skipped/>
  </testcase> <!-- searchkeys -->
  <testcase classname="vedant.Datafromexcel" name="searchkeys" time="0.001">
    <skipped/>
  </testcase> <!-- searchkeys -->
</testsuite> <!-- Default test -->
